        -:    0:Source:D:/Code learning/C/first.cpp
        -:    0:Graph:D:\Code learning\cmake-build-debug-\CMakeFiles\Code_learning.dir\C\first.cpp.gcno
        -:    0:Data:D:\Code learning\cmake-build-debug-\CMakeFiles\Code_learning.dir\C\first.cpp.gcda
        -:    0:Runs:1
        -:    1:#include <stdio.h>
function main called 1 returned 100% blocks executed 100%
        1:    2:int main()
        -:    3:{
        1:    4:   printf("nihao \n");
        1:    4-block  0
call    0 returned 1
        1:    5:   return 0;
        -:    6:}
